SF:lib\main_page.dart
DA:11,2
DA:13,1
DA:14,1
DA:21,1
DA:23,2
DA:24,1
DA:25,0
DA:31,1
DA:34,1
DA:39,1
DA:41,1
DA:42,1
DA:46,1
DA:51,1
DA:52,3
DA:56,0
DA:61,0
DA:67,1
DA:68,1
DA:69,1
DA:70,0
DA:93,0
LF:22
LH:17
end_of_record
SF:lib\authentication_page.dart
DA:12,1
DA:14,0
DA:16,0
DA:17,0
DA:18,0
DA:20,0
DA:21,0
DA:22,0
DA:23,0
DA:24,0
DA:25,0
DA:26,0
DA:28,0
DA:30,0
DA:32,0
DA:33,0
DA:40,0
DA:43,0
DA:46,0
DA:47,0
DA:48,0
DA:49,0
DA:50,0
DA:52,0
DA:57,0
DA:58,0
DA:60,0
DA:61,0
DA:70,0
DA:71,0
DA:72,0
DA:73,0
DA:76,0
DA:78,0
DA:82,0
LF:35
LH:1
end_of_record
SF:lib\core\bases\states\auth_state.dart
DA:12,0
DA:13,0
DA:15,0
DA:16,0
DA:18,0
DA:19,0
DA:20,0
DA:21,0
DA:22,0
DA:26,0
DA:28,0
DA:30,0
DA:34,0
DA:36,0
DA:39,0
DA:41,0
DA:44,0
DA:46,0
DA:51,0
DA:52,0
DA:53,0
DA:54,0
DA:55,0
DA:56,0
DA:57,0
DA:59,0
DA:60,0
DA:66,0
DA:67,0
DA:68,0
DA:69,0
DA:70,0
DA:71,0
DA:76,0
DA:77,0
DA:79,0
DA:80,0
DA:81,0
DA:82,0
DA:86,0
DA:87,0
DA:89,0
DA:90,0
DA:96,0
DA:98,0
DA:99,0
DA:100,0
LF:47
LH:0
end_of_record
SF:lib\core\bases\states\global_state.dart
DA:4,0
DA:9,0
DA:14,0
DA:19,0
DA:24,0
DA:28,0
DA:33,0
DA:38,0
DA:42,3
DA:43,2
DA:47,3
DA:48,2
DA:52,0
DA:59,1
DA:60,1
DA:61,1
DA:62,2
DA:63,1
DA:68,3
DA:69,3
DA:70,3
DA:71,3
DA:72,3
DA:73,3
DA:77,0
DA:87,1
DA:88,1
DA:91,1
DA:92,1
LF:29
LH:19
end_of_record
SF:lib\core\bases\states\navigation_state.dart
DA:5,4
DA:6,0
DA:17,0
DA:18,0
DA:19,0
DA:20,0
DA:21,0
DA:26,0
DA:27,0
DA:28,0
DA:29,0
DA:30,0
DA:35,0
DA:37,0
DA:40,0
DA:42,0
DA:45,0
DA:47,0
DA:50,0
DA:51,0
DA:54,0
DA:55,0
DA:56,0
DA:58,0
DA:64,0
DA:65,0
DA:71,0
DA:72,0
DA:78,0
DA:79,0
DA:85,0
DA:86,0
DA:87,0
DA:94,0
DA:95,0
DA:101,0
DA:102,0
DA:103,0
DA:110,0
DA:111,0
DA:117,0
DA:118,0
DA:124,0
DA:125,0
DA:131,0
DA:132,0
DA:138,0
DA:139,0
DA:145,0
DA:146,0
LF:50
LH:1
end_of_record
SF:lib\core\bases\states\cleaner.dart
DA:10,0
DA:13,0
DA:15,0
DA:16,0
LF:4
LH:0
end_of_record
SF:lib\core\bases\states\theme_state.dart
DA:6,1
DA:8,1
DA:9,3
DA:10,3
DA:20,0
DA:21,0
DA:22,0
DA:23,0
DA:24,0
DA:27,0
DA:28,0
DA:29,0
DA:30,0
DA:33,0
DA:34,0
DA:35,0
DA:42,0
DA:44,0
DA:46,0
LF:19
LH:4
end_of_record
SF:lib\core\theme\base_colors.dart
DA:4,4
DA:7,4
DA:8,0
DA:9,0
DA:10,3
DA:11,2
DA:12,1
DA:13,1
DA:14,1
DA:15,1
DA:16,1
DA:17,1
DA:18,1
DA:19,1
DA:20,1
DA:21,1
DA:22,1
LF:17
LH:15
end_of_record
SF:lib\core\theme\ulaskelas_theme.dart
DA:4,0
DA:5,0
DA:10,0
DA:12,0
DA:16,0
DA:17,0
DA:18,0
DA:22,0
DA:23,0
DA:27,0
DA:29,0
DA:31,0
DA:33,0
DA:55,0
DA:57,0
DA:63,0
DA:66,0
DA:67,0
DA:68,0
DA:69,0
LF:20
LH:0
end_of_record
SF:lib\core\theme\font_theme.dart
DA:6,1
DA:7,1
DA:14,1
DA:15,1
DA:22,0
DA:23,0
DA:30,0
DA:31,0
DA:38,0
DA:39,0
DA:46,0
DA:47,0
DA:54,0
DA:55,0
DA:62,0
DA:63,0
DA:70,0
DA:71,0
DA:78,0
DA:79,0
DA:86,0
DA:87,0
DA:94,0
DA:95,0
DA:102,0
DA:103,0
DA:110,0
DA:111,0
DA:118,0
DA:119,0
DA:126,0
DA:127,0
DA:134,0
DA:135,0
DA:142,0
DA:143,0
DA:150,0
DA:151,0
DA:158,0
DA:159,0
DA:166,0
DA:167,0
DA:174,0
DA:175,0
DA:182,0
DA:183,0
DA:190,1
DA:191,1
DA:198,0
DA:199,0
DA:206,0
DA:207,0
DA:214,1
DA:215,1
DA:222,0
DA:223,0
DA:230,0
DA:231,0
DA:238,0
DA:239,0
DA:246,0
DA:247,0
DA:254,0
DA:255,0
DA:262,0
DA:263,0
DA:270,0
DA:271,0
DA:278,0
DA:279,0
DA:286,0
DA:287,0
DA:294,0
DA:295,0
DA:302,0
DA:303,0
DA:310,0
DA:311,0
DA:318,0
DA:319,0
DA:326,0
DA:327,0
DA:334,0
DA:335,0
DA:342,0
DA:343,0
DA:350,0
DA:351,0
DA:358,0
DA:359,0
DA:366,0
DA:367,0
DA:374,0
DA:375,0
DA:382,0
DA:383,0
DA:390,0
DA:391,0
DA:398,0
DA:399,0
DA:406,0
DA:407,0
DA:414,0
DA:415,0
DA:422,0
DA:423,0
DA:430,1
DA:431,1
DA:434,1
DA:438,1
DA:439,1
DA:442,1
LF:112
LH:14
end_of_record
SF:lib\core\bases\entities\checkbox_item.dart
DA:8,1
DA:12,1
LF:2
LH:2
end_of_record
SF:lib\core\bases\enums\entrypoint.dart
DA:6,1
LF:1
LH:1
end_of_record
SF:lib\core\bases\enums\theme_type.dart
DA:5,1
LF:1
LH:1
end_of_record
SF:lib\core\environment\endpoints.dart
DA:5,3
DA:9,0
DA:10,0
DA:11,0
DA:12,0
DA:13,0
DA:14,0
DA:15,3
DA:16,0
DA:17,0
DA:18,0
LF:11
LH:2
end_of_record
SF:lib\core\environment\config.dart
DA:14,0
DA:20,0
DA:21,0
DA:23,0
DA:24,0
DA:26,0
DA:36,0
DA:37,0
DA:39,0
DA:47,0
DA:56,0
DA:57,2
DA:59,1
DA:61,1
DA:65,1
DA:74,1
DA:83,1
LF:17
LH:6
end_of_record
SF:lib\core\environment\environment.dart
DA:4,0
LF:1
LH:0
end_of_record
SF:lib\core\environment\flavor.dart
DA:7,1
DA:15,0
LF:2
LH:1
end_of_record
SF:lib\features\home\presentation\pages\home_page.dart
DA:6,1
DA:9,1
DA:13,1
DA:14,1
DA:18,1
DA:20,3
DA:21,4
DA:25,1
DA:27,1
DA:30,1
DA:32,1
DA:34,1
DA:35,4
DA:37,1
DA:47,1
DA:52,1
DA:53,1
DA:54,1
DA:55,1
DA:62,1
DA:63,2
DA:64,5
DA:65,1
DA:69,1
DA:70,1
DA:72,2
DA:75,1
DA:76,0
DA:77,1
DA:82,1
DA:84,1
DA:85,1
DA:86,1
DA:87,1
DA:89,1
DA:94,1
DA:96,1
DA:100,1
DA:102,1
DA:109,1
DA:113,1
DA:115,1
DA:117,1
DA:119,1
DA:121,1
DA:123,1
DA:124,0
DA:125,1
DA:127,1
DA:134,1
DA:135,1
DA:136,0
DA:137,1
DA:138,0
DA:139,0
DA:140,0
DA:144,0
DA:145,0
DA:152,0
DA:153,0
DA:154,0
DA:155,0
DA:156,0
DA:158,0
DA:164,1
DA:168,1
DA:170,1
DA:172,1
DA:173,1
DA:175,1
DA:177,1
DA:178,0
DA:179,1
DA:181,1
DA:188,1
DA:196,1
DA:197,1
DA:198,2
DA:199,1
DA:207,0
DA:212,0
DA:216,0
LF:82
LH:64
end_of_record
SF:lib\features\home\presentation\pages\home_daftar_matkul_page.dart
DA:4,1
DA:6,0
DA:8,0
DA:9,0
DA:13,0
DA:15,0
DA:21,0
DA:23,0
DA:26,0
DA:28,0
DA:29,0
DA:35,0
DA:36,0
DA:37,0
DA:38,0
DA:39,0
DA:45,0
DA:47,0
DA:50,0
DA:54,0
LF:20
LH:1
end_of_record
SF:lib\features\home\presentation\pages\home_daftar_ulasan_page.dart
DA:4,1
DA:6,0
DA:8,0
DA:9,0
DA:13,0
DA:15,0
DA:21,0
DA:23,0
DA:26,0
DA:28,0
DA:29,0
DA:35,0
DA:36,0
DA:37,0
DA:38,0
DA:39,0
DA:45,0
DA:47,0
DA:50,0
DA:54,0
LF:20
LH:1
end_of_record
SF:lib\features\home\presentation\states\current_semester_matkul_state.dart
DA:6,1
DA:7,1
DA:8,1
DA:9,2
DA:18,0
DA:19,0
DA:20,0
DA:21,2
DA:23,1
DA:24,1
DA:25,3
DA:26,1
DA:27,1
DA:30,0
LF:14
LH:10
end_of_record
SF:lib\features\matkul\bookmarks\presentation\states\bookmark_state.dart
DA:4,1
DA:5,1
DA:6,1
DA:7,2
DA:17,0
DA:20,0
DA:21,0
DA:22,0
DA:24,0
DA:25,0
DA:28,0
DA:29,0
DA:30,0
DA:34,0
DA:36,0
DA:37,0
DA:40,0
DA:41,0
LF:18
LH:4
end_of_record
SF:lib\features\matkul\detail\presentation\pages\detail_matkul_page.dart
DA:10,0
DA:14,0
DA:15,0
DA:19,0
DA:21,0
DA:22,0
DA:26,0
DA:28,0
DA:31,0
DA:33,0
DA:36,0
DA:42,0
DA:43,0
DA:44,0
DA:45,0
DA:47,0
DA:49,0
DA:52,0
DA:55,0
DA:58,0
DA:64,0
DA:68,0
DA:69,0
DA:75,0
DA:76,0
DA:77,0
DA:79,0
DA:83,0
DA:84,0
DA:101,0
DA:102,0
DA:104,0
DA:105,0
DA:108,0
DA:109,0
DA:110,0
DA:111,0
DA:112,0
DA:115,0
DA:117,0
DA:118,0
DA:119,0
DA:139,0
DA:140,0
DA:141,0
DA:147,0
DA:148,0
DA:150,0
DA:151,0
DA:153,0
DA:162,0
DA:163,0
DA:164,0
DA:165,0
DA:166,0
DA:167,0
DA:168,0
DA:170,0
DA:171,0
DA:174,0
DA:175,0
DA:176,0
DA:262,0
DA:263,0
DA:265,0
DA:266,0
DA:268,0
DA:277,0
DA:278,0
DA:280,0
DA:282,0
DA:283,0
DA:284,0
DA:285,0
DA:287,0
DA:289,0
DA:293,0
DA:300,0
DA:305,0
DA:309,0
LF:80
LH:0
end_of_record
SF:lib\features\matkul\detail\presentation\pages\review_matkul_page.dart
DA:6,1
DA:8,0
DA:9,0
DA:15,0
DA:18,0
DA:20,0
DA:23,0
DA:25,0
DA:30,0
DA:36,0
DA:37,0
DA:38,0
DA:39,0
DA:45,0
DA:50,0
DA:54,0
LF:16
LH:1
end_of_record
SF:lib\features\matkul\detail\presentation\states\review_state.dart
DA:4,1
DA:5,1
DA:6,2
DA:65,0
DA:67,0
DA:68,0
DA:71,0
DA:72,0
DA:73,0
DA:74,0
DA:75,0
DA:79,0
DA:80,0
DA:83,0
DA:85,0
DA:89,0
DA:90,0
DA:95,0
DA:98,0
DA:99,0
DA:100,0
DA:101,0
DA:103,0
DA:107,0
DA:109,0
DA:110,0
DA:111,0
DA:112,0
DA:113,0
DA:118,0
DA:120,0
DA:121,0
DA:122,0
DA:123,0
DA:124,0
DA:129,0
DA:130,0
DA:133,0
LF:38
LH:3
end_of_record
SF:lib\features\matkul\form\data\models\tag_model.dart
DA:4,0
DA:9,0
DA:10,0
DA:11,0
DA:17,0
DA:18,0
DA:19,0
DA:20,0
DA:24,0
DA:26,0
DA:27,0
DA:29,0
DA:32,0
DA:33,0
LF:14
LH:0
end_of_record
SF:lib\features\matkul\form\data\models\user_model_temp.dart
DA:4,0
DA:5,0
DA:6,0
DA:7,0
DA:8,0
DA:9,0
DA:10,0
DA:11,0
DA:12,0
DA:13,0
DA:14,0
DA:15,0
LF:12
LH:0
end_of_record
SF:lib\features\matkul\form\data\models\review_model.dart
DA:4,0
DA:20,0
DA:21,0
DA:22,0
DA:23,0
DA:24,0
DA:25,0
DA:26,0
DA:27,0
DA:28,0
DA:29,0
DA:30,0
DA:31,0
DA:32,0
DA:33,0
DA:35,0
DA:36,0
DA:39,0
DA:40,0
DA:58,0
DA:59,0
DA:60,0
DA:61,0
DA:62,0
DA:63,0
DA:64,0
DA:65,0
DA:69,0
DA:70,0
DA:73,0
DA:75,0
DA:76,0
DA:77,0
DA:78,0
DA:80,0
DA:83,0
DA:84,0
LF:37
LH:0
end_of_record
SF:lib\features\matkul\form\presentation\pages\add_review_matkul_tag_page.dart
DA:6,1
DA:8,0
DA:9,0
DA:17,0
DA:21,0
DA:22,0
DA:23,0
DA:24,0
DA:27,0
DA:29,0
DA:32,0
DA:34,0
DA:36,0
DA:40,0
DA:46,0
DA:47,0
DA:48,0
DA:49,0
DA:50,0
DA:55,0
DA:56,0
DA:57,0
DA:58,0
DA:59,0
DA:62,0
DA:67,0
DA:68,0
DA:70,0
DA:71,0
DA:72,0
DA:73,0
DA:74,0
DA:76,0
DA:82,0
DA:83,0
DA:84,0
DA:90,0
DA:94,0
DA:97,0
DA:99,0
DA:100,0
DA:109,0
DA:115,0
DA:118,0
DA:119,0
DA:120,0
DA:121,0
DA:122,0
DA:123,0
DA:124,0
DA:125,0
DA:126,0
DA:127,0
DA:128,0
DA:130,0
DA:131,0
DA:132,0
DA:133,0
DA:134,0
DA:135,0
DA:140,0
DA:142,0
DA:143,0
DA:144,0
DA:146,0
DA:149,0
DA:151,0
DA:152,0
DA:156,0
DA:159,0
DA:168,0
DA:169,0
DA:174,0
DA:175,0
DA:176,0
DA:177,0
DA:178,0
DA:179,0
DA:184,0
DA:185,0
DA:186,0
DA:187,0
DA:188,0
DA:189,0
DA:191,0
DA:192,0
DA:193,0
DA:208,0
DA:209,0
DA:210,0
DA:214,0
DA:216,0
DA:217,0
DA:218,0
DA:219,0
DA:220,0
DA:221,0
DA:222,0
DA:226,0
DA:228,0
DA:232,0
DA:233,0
DA:236,0
DA:237,0
DA:238,0
DA:239,0
DA:240,0
DA:242,0
DA:243,0
DA:245,0
DA:246,0
DA:247,0
DA:248,0
DA:249,0
LF:114
LH:1
end_of_record
SF:lib\features\matkul\form\presentation\pages\success_form_page.dart
DA:4,1
DA:6,0
DA:7,0
DA:11,0
DA:13,0
DA:20,0
DA:22,0
DA:25,0
DA:27,0
DA:28,0
DA:30,0
DA:32,0
DA:33,0
DA:35,0
DA:38,0
DA:40,0
DA:43,0
DA:47,0
DA:50,0
DA:53,0
DA:54,0
DA:63,0
DA:65,0
DA:68,0
DA:72,0
LF:25
LH:1
end_of_record
SF:lib\features\matkul\form\presentation\pages\review_matkul_form_page.dart
DA:6,0
DA:9,0
DA:13,0
DA:14,0
DA:18,0
DA:21,0
DA:23,0
DA:26,0
DA:28,0
DA:30,0
DA:34,0
DA:39,0
DA:40,0
DA:41,0
DA:42,0
DA:43,0
DA:44,0
DA:46,0
DA:47,0
DA:48,0
DA:49,0
DA:52,0
DA:53,0
DA:54,0
DA:57,0
DA:59,0
DA:61,0
DA:63,0
DA:65,0
DA:66,0
DA:67,0
DA:68,0
DA:70,0
DA:71,0
DA:73,0
DA:74,0
DA:76,0
DA:80,0
DA:85,0
DA:86,0
DA:92,0
DA:93,0
DA:95,0
DA:98,0
DA:99,0
DA:101,0
DA:102,0
DA:112,0
DA:113,0
DA:114,0
DA:116,0
DA:117,0
DA:119,0
DA:121,0
DA:122,0
DA:123,0
DA:124,0
DA:125,0
DA:126,0
DA:129,0
DA:136,0
DA:145,0
DA:150,0
DA:152,0
DA:153,0
DA:162,0
DA:163,0
DA:164,0
DA:168,0
DA:169,0
DA:172,0
DA:173,0
DA:178,0
DA:179,0
DA:180,0
DA:183,0
DA:184,0
DA:187,0
DA:193,0
DA:194,0
DA:195,0
DA:201,0
DA:202,0
DA:207,0
DA:208,0
DA:209,0
DA:211,0
DA:212,0
DA:213,0
DA:214,0
DA:215,0
DA:217,0
DA:220,0
DA:221,0
DA:222,0
DA:223,0
DA:225,0
DA:226,0
DA:228,0
DA:229,0
DA:232,0
DA:233,0
DA:234,0
DA:236,0
DA:238,0
DA:242,0
DA:252,0
DA:253,0
DA:254,0
DA:255,0
DA:261,0
DA:262,0
DA:267,0
DA:268,0
DA:269,0
DA:271,0
DA:272,0
DA:273,0
DA:274,0
DA:276,0
DA:279,0
DA:280,0
DA:281,0
DA:282,0
DA:284,0
DA:285,0
DA:287,0
DA:288,0
DA:291,0
DA:292,0
DA:293,0
DA:295,0
DA:297,0
DA:301,0
DA:310,0
DA:315,0
DA:319,0
DA:320,0
DA:321,0
DA:325,0
DA:326,0
DA:328,0
DA:329,0
DA:331,0
DA:334,0
DA:337,0
DA:339,0
DA:340,0
DA:343,0
DA:344,0
DA:345,0
DA:347,0
DA:351,0
DA:353,0
DA:354,0
DA:355,0
DA:357,0
DA:358,0
DA:362,0
DA:363,0
DA:365,0
DA:366,0
LF:162
LH:0
end_of_record
SF:lib\features\matkul\form\presentation\states\review_course_form_state.dart
DA:6,0
DA:7,0
DA:8,0
DA:9,0
DA:24,0
DA:25,0
DA:27,0
DA:28,0
DA:29,0
DA:30,0
DA:31,0
DA:32,0
DA:33,0
DA:35,0
DA:36,0
DA:38,0
DA:39,0
DA:40,0
DA:44,0
DA:45,0
DA:46,0
DA:48,0
DA:51,0
DA:53,0
DA:55,0
DA:57,0
DA:58,0
DA:61,0
DA:62,0
DA:65,0
DA:66,0
DA:69,0
DA:70,0
DA:74,0
DA:75,0
DA:76,0
DA:77,0
DA:82,0
DA:83,0
DA:84,0
LF:40
LH:0
end_of_record
SF:lib\features\matkul\form\presentation\states\search_tag_state.dart
DA:10,0
DA:21,0
DA:22,0
DA:23,0
DA:24,0
DA:28,0
DA:32,0
DA:36,0
DA:40,0
DA:44,0
DA:48,0
DA:52,0
DA:58,0
DA:59,0
DA:61,0
DA:63,0
DA:64,0
DA:69,0
DA:75,0
DA:76,0
DA:77,0
DA:83,0
DA:93,0
DA:94,0
DA:95,0
DA:97,0
DA:98,0
DA:101,0
DA:102,0
DA:103,0
DA:110,0
DA:111,0
DA:112,0
DA:113,0
DA:115,0
DA:120,0
DA:121,0
DA:122,0
DA:123,0
DA:124,0
DA:126,0
DA:131,0
DA:132,0
DA:135,0
DA:136,0
LF:45
LH:0
end_of_record
SF:lib\features\matkul\form\presentation\states\review_course_state.dart
DA:6,0
DA:7,0
DA:8,0
DA:9,0
DA:17,0
DA:20,0
DA:21,0
DA:22,0
DA:23,0
DA:24,0
DA:28,0
DA:29,0
DA:33,0
DA:34,0
DA:35,0
DA:37,0
DA:38,0
LF:17
LH:0
end_of_record
SF:lib\features\matkul\search\data\models\course_model.dart
DA:6,0
DA:18,0
DA:19,0
DA:20,0
DA:21,0
DA:22,0
DA:23,0
DA:24,0
DA:25,0
DA:26,0
DA:27,0
DA:28,0
DA:29,0
DA:31,0
DA:32,0
DA:34,0
DA:49,0
DA:50,0
DA:51,0
DA:52,0
DA:53,0
DA:54,0
DA:55,0
DA:56,0
DA:57,0
DA:58,0
DA:59,0
DA:63,0
DA:65,0
DA:66,0
DA:68,0
DA:71,0
DA:72,0
DA:74,0
LF:34
LH:0
end_of_record
SF:lib\features\matkul\search\presentation\pages\filter_page.dart
DA:6,1
DA:8,0
DA:10,0
DA:11,0
DA:15,0
DA:18,0
DA:20,0
DA:23,0
DA:25,0
DA:30,0
DA:35,0
DA:36,0
DA:37,0
DA:38,0
DA:39,0
DA:41,0
DA:46,0
DA:47,0
DA:49,0
DA:52,0
DA:57,0
DA:58,0
DA:59,0
DA:60,0
DA:61,0
DA:63,0
DA:64,0
DA:67,0
DA:68,0
DA:71,0
DA:74,0
DA:77,0
DA:79,0
DA:82,0
DA:87,0
DA:88,0
DA:89,0
DA:90,0
DA:91,0
DA:93,0
DA:94,0
DA:97,0
DA:98,0
DA:101,0
DA:104,0
DA:107,0
DA:109,0
DA:112,0
DA:117,0
DA:118,0
DA:119,0
DA:120,0
DA:121,0
DA:122,0
DA:124,0
DA:125,0
DA:126,0
DA:130,0
DA:131,0
DA:132,0
DA:136,0
DA:139,0
DA:144,0
DA:148,0
DA:153,0
DA:155,0
DA:157,0
DA:159,0
DA:160,0
DA:171,0
DA:176,0
DA:180,0
LF:72
LH:1
end_of_record
SF:lib\features\matkul\search\presentation\pages\search_course_page.dart
DA:6,1
DA:8,0
DA:10,0
DA:11,0
DA:20,0
DA:22,0
DA:23,0
DA:24,0
DA:25,0
DA:30,0
DA:32,0
DA:33,0
DA:37,0
DA:38,0
DA:41,0
DA:43,0
DA:46,0
DA:51,0
DA:57,0
DA:58,0
DA:59,0
DA:64,0
DA:65,0
DA:66,0
DA:67,0
DA:69,0
DA:70,0
DA:71,0
DA:72,0
DA:73,0
DA:75,0
DA:76,0
DA:78,0
DA:84,0
DA:85,0
DA:86,0
DA:87,0
DA:88,0
DA:90,0
DA:91,0
DA:92,0
DA:93,0
DA:94,0
DA:103,0
DA:109,0
DA:113,0
DA:114,0
DA:118,0
DA:120,0
DA:121,0
DA:123,0
DA:124,0
DA:125,0
DA:126,0
DA:127,0
DA:131,0
DA:133,0
DA:137,0
DA:138,0
DA:141,0
DA:142,0
DA:144,0
DA:145,0
DA:146,0
DA:148,0
DA:150,0
DA:151,0
DA:152,0
DA:153,0
DA:157,0
DA:158,0
DA:162,0
DA:164,0
DA:165,0
DA:167,0
DA:169,0
DA:170,0
DA:172,0
DA:174,0
DA:175,0
DA:176,0
DA:178,0
DA:180,0
DA:190,0
DA:193,0
DA:194,0
DA:195,0
DA:196,0
DA:197,0
DA:199,0
DA:200,0
DA:201,0
DA:202,0
DA:205,0
DA:207,0
DA:211,0
LF:96
LH:1
end_of_record
SF:lib\features\matkul\search\presentation\states\filter_state.dart
DA:90,0
DA:91,0
DA:93,0
DA:95,0
DA:96,0
DA:99,0
DA:100,0
DA:103,0
DA:104,0
DA:107,0
DA:108,0
DA:111,0
DA:112,0
DA:115,0
DA:116,0
LF:15
LH:0
end_of_record
SF:lib\features\matkul\search\presentation\states\search_course_state.dart
DA:7,1
DA:8,1
DA:9,1
DA:10,2
DA:38,0
DA:39,0
DA:40,0
DA:41,0
DA:42,0
DA:43,0
DA:44,0
DA:45,0
DA:47,0
DA:48,0
DA:49,0
DA:50,0
DA:52,0
DA:55,0
DA:57,0
DA:58,0
DA:60,0
DA:62,0
DA:63,0
DA:68,0
DA:74,0
DA:75,0
DA:81,0
DA:82,0
DA:83,0
DA:84,0
DA:85,0
DA:86,0
DA:87,0
DA:89,0
DA:90,0
DA:92,0
DA:93,0
DA:94,0
DA:95,0
DA:99,0
DA:100,0
DA:101,0
DA:103,0
DA:105,0
DA:109,0
DA:110,0
DA:111,0
DA:113,0
DA:114,0
DA:118,0
DA:119,0
DA:120,0
DA:121,0
DA:122,0
DA:124,0
DA:125,0
DA:126,0
DA:129,0
DA:133,0
DA:134,0
DA:135,0
DA:136,0
DA:137,0
DA:143,0
DA:144,0
DA:145,0
DA:146,0
DA:148,0
DA:149,0
DA:155,0
DA:156,0
LF:71
LH:4
end_of_record
SF:lib\features\profile\presentation\pages\profile_page.dart
DA:13,2
DA:15,0
DA:17,0
DA:18,0
DA:22,0
DA:25,0
DA:27,0
DA:30,0
DA:32,0
DA:38,0
DA:43,0
DA:48,0
DA:50,0
DA:52,0
DA:54,0
DA:57,0
DA:59,0
DA:63,0
DA:65,0
DA:70,0
DA:74,0
DA:81,0
DA:86,0
DA:90,0
DA:94,0
DA:95,0
DA:96,0
LF:27
LH:1
end_of_record
SF:lib\features\profile\presentation\states\profile_state.dart
DA:9,1
DA:10,1
DA:11,1
DA:12,2
DA:20,3
DA:22,0
DA:23,0
DA:24,0
DA:25,0
DA:26,0
DA:28,0
LF:11
LH:5
end_of_record
SF:lib\features\sso\presentation\pages\sso_web_page.dart
DA:6,1
DA:8,0
DA:9,0
DA:18,0
DA:20,0
DA:23,0
DA:25,0
DA:30,0
DA:32,0
DA:35,0
DA:37,0
DA:38,0
DA:39,0
DA:40,0
DA:42,0
DA:43,0
DA:44,0
DA:45,0
DA:46,0
DA:48,0
DA:51,0
DA:52,0
DA:53,0
DA:54,0
DA:55,0
DA:65,0
DA:67,0
DA:71,0
DA:75,0
DA:76,0
DA:77,0
DA:78,0
DA:79,0
DA:80,0
DA:81,0
DA:82,0
DA:83,0
DA:84,0
DA:85,0
DA:86,0
DA:88,0
DA:89,0
DA:93,0
DA:94,0
DA:95,0
DA:96,0
DA:101,0
DA:102,0
DA:103,0
DA:104,0
DA:108,0
DA:109,0
DA:110,0
DA:113,0
LF:54
LH:1
end_of_record
SF:lib\features\sso\presentation\states\progress_webview_state.dart
DA:6,0
DA:7,0
LF:2
LH:0
end_of_record
SF:lib\onboarding_page.dart
DA:12,1
DA:14,0
DA:16,0
DA:17,0
DA:39,0
DA:42,0
DA:44,0
DA:47,0
DA:52,0
DA:57,0
DA:58,0
DA:59,0
DA:60,0
DA:63,0
DA:64,0
DA:65,0
DA:67,0
DA:68,0
DA:69,0
DA:70,0
DA:72,0
DA:73,0
DA:80,0
DA:81,0
DA:82,0
DA:83,0
DA:84,0
DA:87,0
DA:88,0
DA:89,0
DA:93,0
DA:94,0
DA:95,0
DA:100,0
DA:102,0
DA:103,0
DA:104,0
DA:107,0
DA:108,0
DA:109,0
DA:110,0
DA:112,0
DA:113,0
DA:115,0
DA:116,0
DA:117,0
DA:122,0
DA:123,0
DA:133,0
DA:138,0
DA:142,0
DA:148,0
DA:156,0
DA:165,0
DA:167,0
DA:168,0
DA:169,0
DA:171,0
DA:172,0
DA:174,0
DA:175,0
DA:176,0
DA:177,0
DA:178,0
DA:179,0
DA:182,0
DA:185,0
DA:187,0
DA:188,0
DA:189,0
DA:190,0
DA:191,0
DA:193,0
DA:195,0
DA:196,0
DA:197,0
DA:198,0
DA:201,0
DA:202,0
DA:204,0
DA:205,0
DA:206,0
LF:82
LH:1
end_of_record
SF:lib\services\hive_db_service.dart
DA:6,0
DA:8,0
DA:9,0
DA:10,0
DA:11,0
DA:12,0
DA:13,0
LF:7
LH:0
end_of_record
SF:lib\services\date_service.dart
DA:6,0
DA:7,0
DA:10,0
DA:11,0
DA:14,0
DA:15,0
DA:18,0
DA:19,0
DA:22,0
DA:23,0
DA:26,0
DA:27,0
DA:30,0
DA:31,0
DA:34,0
DA:35,0
DA:38,0
DA:39,0
DA:42,0
DA:43,0
DA:46,0
DA:47,0
DA:48,0
DA:52,0
DA:53,0
DA:54,0
DA:55,0
DA:59,0
DA:60,0
DA:61,0
DA:62,0
LF:31
LH:0
end_of_record
SF:lib\services\pref_service.dart
DA:8,0
DA:9,0
DA:10,0
DA:13,0
DA:14,0
DA:18,0
DA:19,0
DA:22,0
DA:23,0
DA:26,0
DA:27,0
DA:30,0
DA:31,0
DA:34,0
DA:35,0
DA:38,0
DA:39,0
DA:42,0
DA:43,0
DA:46,0
DA:47,0
DA:50,0
DA:51,0
DA:54,0
DA:55,0
DA:58,0
DA:59,0
DA:60,0
DA:61,0
LF:29
LH:0
end_of_record
SF:lib\services\file_service.dart
DA:6,0
DA:10,0
DA:11,0
DA:12,0
DA:15,0
DA:16,0
DA:17,0
LF:7
LH:0
end_of_record
SF:lib\services\delay_service.dart
DA:7,0
DA:8,0
DA:11,0
DA:12,0
LF:4
LH:0
end_of_record
SF:lib\services\duration_service.dart
DA:6,0
DA:10,0
DA:11,0
DA:12,0
DA:13,0
DA:14,0
LF:6
LH:0
end_of_record
SF:lib\services\share_service.dart
DA:4,0
DA:9,0
DA:10,0
DA:13,0
LF:4
LH:0
end_of_record
SF:lib\core\client\dio.dart
DA:3,0
DA:7,0
DA:8,0
DA:9,0
DA:10,0
DA:12,0
DA:18,0
DA:19,0
DA:20,0
DA:24,0
DA:29,0
DA:30,0
DA:31,0
DA:32,0
DA:34,0
DA:35,0
DA:41,0
DA:42,0
DA:46,0
DA:51,0
DA:52,0
DA:53,0
DA:54,0
DA:57,0
DA:63,0
DA:64,0
DA:68,0
DA:73,0
DA:74,0
DA:75,0
DA:76,0
DA:79,0
DA:85,0
DA:86,0
LF:34
LH:0
end_of_record
SF:lib\core\client\api_call.dart
DA:5,1
DA:7,1
DA:8,0
DA:9,1
DA:10,0
DA:11,0
DA:12,0
DA:13,0
DA:14,0
DA:15,0
DA:16,0
DA:17,0
DA:18,0
DA:19,0
DA:20,0
DA:21,0
DA:23,0
DA:24,0
DA:25,0
DA:26,0
DA:27,0
DA:28,0
DA:29,0
DA:30,0
DA:31,0
DA:32,0
DA:36,0
DA:37,0
DA:40,3
DA:41,3
DA:42,1
DA:43,2
DA:47,0
LF:33
LH:7
end_of_record
SF:lib\core\error\decider.dart
DA:6,1
DA:8,0
DA:9,0
DA:13,1
DA:15,0
DA:17,1
DA:18,2
DA:22,0
DA:24,0
DA:26,0
DA:27,0
LF:11
LH:4
end_of_record
SF:lib\core\error\failures.dart
DA:4,1
DA:20,0
DA:21,0
DA:22,0
DA:23,0
DA:25,0
DA:26,0
DA:28,0
DA:29,0
DA:31,0
DA:32,0
DA:34,0
DA:35,0
DA:37,0
DA:38,0
DA:45,0
DA:46,0
DA:49,0
DA:50,0
DA:53,0
DA:54,0
DA:57,0
DA:58,0
DA:64,0
DA:65,0
DA:69,0
DA:72,0
DA:80,0
DA:83,0
DA:91,0
DA:94,0
DA:102,1
DA:104,1
DA:111,0
DA:113,0
DA:120,0
DA:122,0
LF:37
LH:3
end_of_record
SF:lib\core\extension\response_extension.dart
DA:4,0
DA:9,0
DA:12,0
DA:18,0
DA:29,0
DA:30,0
DA:31,0
DA:32,0
DA:37,0
DA:40,0
DA:41,0
DA:42,0
DA:43,0
DA:47,0
DA:54,0
DA:55,0
DA:56,0
DA:57,0
DA:58,0
DA:66,0
DA:67,0
DA:68,0
DA:69,0
DA:70,0
DA:71,0
LF:25
LH:0
end_of_record
SF:lib\features\home\data\datasources\dummy_ulasan.dart
DA:4,3
DA:5,1
DA:6,2
DA:13,1
DA:14,2
DA:21,1
DA:22,2
LF:7
LH:7
end_of_record
SF:lib\features\home\data\datasources\dummy_matkul.dart
DA:4,3
DA:5,1
DA:12,1
DA:19,1
DA:26,1
LF:5
LH:5
end_of_record
SF:lib\features\home\data\models\ulasan_user_model.dart
DA:4,1
LF:1
LH:1
end_of_record
SF:lib\features\home\data\models\matkul_model_home.dart
DA:4,1
LF:1
LH:1
end_of_record
SF:lib\features\home\presentation\widgets\card_matkul_home.dart
DA:4,0
DA:8,0
DA:13,0
DA:15,0
DA:16,0
DA:17,0
DA:18,0
DA:23,0
DA:25,0
DA:26,0
DA:28,0
DA:29,0
DA:30,0
DA:34,0
DA:35,0
DA:36,0
DA:38,0
DA:39,0
DA:40,0
DA:41,0
DA:42,0
DA:48,0
DA:49,0
DA:51,0
DA:52,0
DA:53,0
DA:54,0
DA:59,0
DA:61,0
DA:62,0
DA:63,0
DA:64,0
DA:66,0
DA:67,0
DA:68,0
LF:35
LH:0
end_of_record
SF:lib\features\home\presentation\widgets\card_matkul_review.dart
DA:4,1
DA:8,1
DA:13,1
DA:15,1
DA:16,1
DA:17,1
DA:18,1
DA:23,1
DA:25,2
DA:26,1
DA:28,1
DA:29,1
DA:30,1
DA:31,1
DA:32,1
DA:36,1
DA:37,3
DA:38,1
DA:40,1
DA:41,1
DA:42,3
DA:43,2
DA:44,2
DA:50,1
DA:51,1
DA:53,1
DA:54,1
DA:55,3
DA:56,2
DA:61,1
DA:63,1
DA:64,1
DA:65,3
DA:66,1
DA:68,1
DA:69,4
DA:70,2
DA:81,1
DA:82,1
DA:84,1
DA:86,1
DA:87,3
DA:90,2
DA:95,1
DA:97,1
DA:98,1
DA:99,3
DA:100,2
DA:104,1
DA:105,2
DA:106,3
DA:108,3
LF:52
LH:52
end_of_record
SF:lib\features\matkul\search\presentation\widgets\card_course.dart
DA:6,0
DA:10,0
DA:15,0
DA:17,0
DA:18,0
DA:19,0
DA:20,0
DA:25,0
DA:27,0
DA:28,0
DA:30,0
DA:31,0
DA:32,0
DA:36,0
DA:37,0
DA:38,0
DA:40,0
DA:41,0
DA:42,0
DA:43,0
DA:44,0
DA:50,0
DA:51,0
DA:53,0
DA:54,0
DA:55,0
DA:56,0
DA:61,0
DA:63,0
DA:64,0
DA:65,0
DA:66,0
DA:68,0
DA:69,0
DA:70,0
LF:35
LH:0
end_of_record
SF:lib\features\matkul\search\presentation\widgets\base_app_bar.dart
DA:6,0
DA:15,0
DA:18,0
DA:23,0
DA:28,0
DA:32,0
DA:33,0
DA:34,0
LF:8
LH:0
end_of_record
SF:lib\features\matkul\search\presentation\widgets\empty_view.dart
DA:6,1
DA:11,0
DA:17,0
DA:19,0
DA:20,0
DA:25,0
DA:26,0
DA:27,0
DA:28,0
DA:29,0
DA:32,0
DA:33,0
DA:34,0
DA:35,0
DA:40,0
DA:41,0
DA:42,0
LF:17
LH:1
end_of_record
SF:lib\features\matkul\search\presentation\widgets\search_list_view.dart
DA:6,0
DA:12,0
DA:19,0
DA:21,0
DA:22,0
DA:23,0
DA:27,0
DA:29,0
DA:31,0
DA:32,0
DA:34,0
DA:36,0
DA:37,0
DA:38,0
DA:39,0
DA:40,0
DA:42,0
DA:43,0
DA:44,0
DA:45,0
DA:55,0
DA:56,0
DA:57,0
DA:58,0
DA:59,0
DA:60,0
DA:61,0
DA:62,0
DA:63,0
DA:65,0
DA:66,0
DA:67,0
DA:70,0
DA:71,0
DA:72,0
DA:80,0
DA:81,0
DA:88,0
DA:89,0
DA:90,0
DA:91,0
DA:94,0
DA:95,0
DA:97,0
LF:44
LH:0
end_of_record
SF:lib\features\matkul\main\data\datasources\course_local_data_source.dart
DA:11,0
DA:12,0
DA:13,0
DA:14,0
DA:15,0
DA:16,0
DA:17,0
DA:18,0
DA:20,0
DA:24,0
DA:27,0
DA:28,0
DA:29,0
DA:30,0
DA:31,0
DA:32,0
DA:33,0
DA:35,0
LF:18
LH:0
end_of_record
SF:lib\features\matkul\main\data\datasources\course_remote_data_source.dart
DA:12,0
DA:15,0
DA:16,0
DA:17,0
DA:18,0
DA:19,0
DA:21,0
DA:23,0
DA:24,0
DA:26,0
DA:30,1
DA:31,1
DA:32,1
DA:33,0
DA:34,0
DA:35,0
DA:37,0
DA:39,0
DA:41,0
DA:44,0
LF:20
LH:3
end_of_record
SF:lib\features\matkul\main\data\repositories\course_repository_impl.dart
DA:6,1
DA:14,0
DA:18,0
DA:21,1
DA:23,3
DA:26,0
DA:28,0
LF:7
LH:3
end_of_record
SF:lib\features\matkul\bookmarks\data\datasources\bookmark_local_data_source.dart
DA:10,0
DA:11,0
DA:14,0
DA:15,0
DA:16,0
DA:17,0
DA:18,0
DA:19,0
DA:21,0
DA:25,0
DA:29,0
DA:30,0
DA:32,0
DA:34,0
DA:35,0
DA:36,0
DA:37,0
DA:40,0
DA:41,0
DA:44,0
DA:47,0
DA:48,0
DA:49,0
DA:50,0
DA:51,0
DA:54,0
DA:55,0
DA:58,0
LF:28
LH:0
end_of_record
SF:lib\features\matkul\bookmarks\data\datasources\bookmark_remote_data_source.dart
DA:10,0
DA:11,0
DA:12,0
DA:13,0
DA:14,0
DA:15,0
DA:17,0
DA:19,0
DA:21,0
DA:25,0
DA:26,0
DA:28,0
DA:29,0
DA:30,0
DA:32,0
DA:35,0
DA:36,0
DA:37,0
DA:39,0
LF:19
LH:0
end_of_record
SF:lib\features\matkul\bookmarks\data\models\bookmark_model.dart
DA:4,0
DA:9,0
DA:10,0
DA:11,0
DA:17,0
DA:18,0
DA:19,0
DA:20,0
LF:8
LH:0
end_of_record
SF:lib\features\matkul\bookmarks\data\repositories\bookmark_repository_impl.dart
DA:4,1
DA:8,0
DA:10,0
DA:13,0
DA:16,0
DA:20,0
DA:24,0
DA:28,0
DA:32,0
LF:9
LH:1
end_of_record
SF:lib\features\matkul\bookmarks\presentation\pages\bookmarks_page.dart
DA:6,1
DA:8,0
DA:10,0
DA:11,0
DA:15,0
DA:18,0
DA:20,0
DA:23,0
DA:25,0
DA:31,0
DA:36,0
DA:37,0
DA:42,0
DA:43,0
DA:44,0
DA:45,0
DA:47,0
DA:48,0
DA:49,0
DA:51,0
DA:54,0
DA:56,0
DA:57,0
DA:61,0
DA:64,0
DA:71,0
DA:72,0
DA:73,0
DA:74,0
DA:75,0
DA:76,0
DA:78,0
DA:80,0
DA:88,0
DA:93,0
DA:97,0
LF:36
LH:1
end_of_record
SF:lib\features\matkul\bookmarks\presentation\widgets\card_bookmark.dart
DA:4,0
DA:8,0
DA:13,0
DA:15,0
DA:16,0
DA:17,0
DA:18,0
DA:19,0
DA:20,0
DA:25,0
DA:27,0
DA:28,0
DA:30,0
DA:31,0
DA:32,0
DA:36,0
DA:37,0
DA:38,0
DA:40,0
DA:41,0
DA:42,0
DA:43,0
DA:44,0
DA:50,0
DA:51,0
DA:53,0
DA:54,0
DA:55,0
DA:56,0
DA:61,0
DA:63,0
DA:64,0
DA:65,0
DA:66,0
DA:68,0
DA:69,0
DA:70,0
DA:82,0
DA:84,0
DA:85,0
DA:88,0
DA:89,0
DA:90,0
LF:43
LH:0
end_of_record
SF:lib\features\matkul\detail\data\datasources\like_remote_data_source.dart
DA:10,0
DA:11,0
DA:12,0
DA:14,0
DA:15,0
DA:23,0
DA:24,0
DA:25,0
DA:27,0
DA:28,0
LF:10
LH:0
end_of_record
SF:lib\features\matkul\detail\data\models\review_model.dart
DA:4,1
DA:15,0
DA:16,0
DA:17,0
DA:18,0
DA:19,0
DA:20,0
DA:32,0
DA:33,0
DA:34,0
DA:35,0
DA:36,0
DA:37,0
DA:38,0
DA:39,0
DA:40,0
DA:41,0
DA:45,0
DA:46,0
DA:49,0
DA:51,0
DA:52,0
DA:53,0
DA:54,0
DA:55,0
DA:56,0
DA:58,0
DA:61,0
DA:62,0
LF:29
LH:1
end_of_record
SF:lib\features\matkul\detail\data\repositories\like_repository_impl.dart
DA:4,1
DA:10,0
DA:12,0
DA:15,0
DA:17,0
LF:5
LH:1
end_of_record
SF:lib\features\matkul\detail\presentation\widgets\review_card.dart
DA:4,0
DA:10,0
DA:17,0
DA:20,0
DA:23,0
DA:25,0
DA:28,0
DA:29,0
DA:31,0
DA:32,0
DA:35,0
DA:36,0
DA:38,0
DA:40,0
DA:52,0
DA:53,0
DA:55,0
DA:56,0
DA:60,0
DA:61,0
DA:62,0
DA:63,0
DA:66,0
DA:69,0
DA:70,0
DA:72,0
DA:73,0
DA:74,0
DA:76,0
DA:91,0
DA:113,0
DA:115,0
DA:120,0
DA:121,0
DA:123,0
DA:126,0
DA:128,0
DA:129,0
DA:131,0
DA:135,0
DA:137,0
DA:139,0
DA:140,0
DA:141,0
DA:147,0
DA:149,0
DA:150,0
DA:151,0
LF:48
LH:0
end_of_record
SF:lib\features\matkul\detail\presentation\widgets\tulis_ulasan_button.dart
DA:4,0
DA:7,0
DA:11,0
DA:13,0
DA:25,0
DA:27,0
LF:6
LH:0
end_of_record
SF:lib\features\matkul\form\domain\entities\query_review.dart
DA:6,0
DA:12,0
DA:14,0
DA:15,0
DA:16,0
DA:17,0
LF:6
LH:0
end_of_record
SF:lib\features\matkul\form\data\datasources\review_local_data_source.dart
DA:9,0
DA:11,0
DA:12,0
DA:13,0
DA:14,0
DA:15,0
DA:17,0
LF:7
LH:0
end_of_record
SF:lib\features\matkul\form\data\datasources\tag_local_data_source.dart
DA:9,0
DA:10,0
DA:11,0
DA:12,0
DA:13,0
DA:14,0
DA:15,0
DA:16,0
DA:18,0
LF:9
LH:0
end_of_record
SF:lib\features\matkul\form\data\datasources\tag_remote_data_source.dart
DA:9,0
DA:10,0
DA:11,0
DA:12,0
DA:13,0
DA:14,0
DA:16,0
DA:17,0
DA:19,0
LF:9
LH:0
end_of_record
SF:lib\features\matkul\form\data\datasources\review_remote_data_source.dart
DA:10,0
DA:13,0
DA:14,0
DA:16,0
DA:20,0
DA:21,0
DA:22,0
DA:23,0
DA:24,0
DA:25,0
DA:27,0
DA:29,0
DA:30,0
DA:31,0
DA:32,0
DA:34,0
LF:16
LH:0
end_of_record
SF:lib\features\matkul\form\data\repositories\review_repository_impl.dart
DA:4,0
DA:13,0
DA:16,0
DA:19,0
DA:23,0
DA:26,0
DA:30,0
LF:7
LH:0
end_of_record
SF:lib\features\matkul\form\data\repositories\tag_repository_impl.dart
DA:4,0
DA:12,0
DA:14,0
DA:17,0
DA:19,0
LF:5
LH:0
end_of_record
SF:lib\features\matkul\search\domain\entities\query_search.dart
DA:6,0
DA:16,0
DA:18,0
DA:19,0
DA:20,0
DA:21,0
DA:22,0
LF:7
LH:0
end_of_record
SF:lib\features\matkul\main\domain\entities\query_search_course.dart
DA:4,0
DA:10,0
DA:12,0
DA:13,0
DA:14,0
LF:5
LH:0
end_of_record
SF:lib\features\profile\data\datasources\profile_remote_data_source.dart
DA:12,0
DA:13,0
DA:14,0
DA:15,0
LF:4
LH:0
end_of_record
SF:lib\features\profile\data\models\profile_model.dart
DA:14,1
DA:28,0
DA:29,0
DA:30,0
DA:31,0
DA:32,0
DA:33,0
DA:34,0
DA:35,0
DA:36,0
DA:37,0
DA:38,0
DA:39,0
DA:42,0
DA:43,0
DA:44,0
DA:45,0
DA:46,0
DA:47,0
DA:48,0
DA:49,0
DA:50,0
DA:51,0
DA:52,0
DA:53,0
DA:54,0
LF:26
LH:1
end_of_record
SF:lib\features\profile\data\repositories\profile_repository_impl.dart
DA:13,1
DA:18,0
DA:20,0
DA:23,0
DA:24,0
LF:5
LH:1
end_of_record
SF:lib\features\profile\presentation\widgets\profile_data.dart
DA:5,0
DA:8,0
DA:10,0
DA:12,0
DA:14,0
DA:15,0
DA:17,0
DA:18,0
DA:19,0
DA:22,0
DA:23,0
DA:24,0
DA:25,0
LF:13
LH:0
end_of_record
